  [1m[36mSQL (1.2ms)[0m  [1mSHOW TABLES[0m
  [1m[35mSQL (64.4ms)[0m  CREATE TABLE `schema_migrations` (`version` varchar(255) NOT NULL) ENGINE=InnoDB
  [1m[36mSQL (1.9ms)[0m  [1mSHOW KEYS FROM `schema_migrations`[0m
  [1m[35mSQL (82.5ms)[0m  CREATE UNIQUE INDEX `unique_schema_migrations` ON `schema_migrations` (`version`)
  [1m[36mSQL (1.5ms)[0m  [1mSHOW TABLES[0m
  [1m[35mSQL (1.5ms)[0m  SHOW TABLES
  [1m[36mSQL (1.4ms)[0m  [1mSELECT `schema_migrations`.`version` FROM `schema_migrations`[0m
Migrating to CreateStudents (20110318185430)
  [1m[35mSQL (7.6ms)[0m  CREATE TABLE `students` (`id` int(11) DEFAULT NULL auto_increment PRIMARY KEY, `name` varchar(255), `std` varchar(255), `mark` int(11), `created_at` datetime, `updated_at` datetime) ENGINE=InnoDB
  [1m[36mSQL (34.4ms)[0m  [1mINSERT INTO `schema_migrations` (`version`) VALUES ('20110318185430')[0m
  [1m[35mSQL (1.6ms)[0m  SHOW TABLES
  [1m[36mSQL (1.1ms)[0m  [1mSELECT `schema_migrations`.`version` FROM `schema_migrations`[0m
  [1m[35mSQL (2.3ms)[0m  SHOW TABLES
  [1m[36mSQL (4.3ms)[0m  [1mdescribe `students`[0m
  [1m[35mSQL (1.4ms)[0m  SHOW KEYS FROM `students`
  [1m[36mSQL (3.2ms)[0m  [1mSHOW TABLES[0m
  [1m[35mSQL (1.9ms)[0m  SHOW TABLES
  [1m[36mSQL (0.6ms)[0m  [1mSELECT `schema_migrations`.`version` FROM `schema_migrations`[0m
Migrating to CreateStudents (20110318185430)
Migrating to AddStatusToStudent (20110318190749)
  [1m[35mSQL (86.1ms)[0m  ALTER TABLE `students` ADD `status` tinyint(1)
  [1m[36mSQL (27.4ms)[0m  [1mALTER TABLE `students` ADD `description` varchar(255)[0m
  [1m[35mSQL (11.3ms)[0m  INSERT INTO `schema_migrations` (`version`) VALUES ('20110318190749')
  [1m[36mSQL (9.3ms)[0m  [1mSHOW TABLES[0m
  [1m[35mSQL (2.2ms)[0m  SELECT `schema_migrations`.`version` FROM `schema_migrations`
  [1m[36mSQL (2.0ms)[0m  [1mSHOW TABLES[0m
  [1m[35mSQL (5.2ms)[0m  describe `students`
  [1m[36mSQL (2.8ms)[0m  [1mSHOW KEYS FROM `students`[0m


Started GET "/students" for 127.0.0.1 at Sat Mar 19 00:43:26 +0530 2011
  Processing by StudentsController#index as HTML
  [1m[36mStudent Load (18.4ms)[0m  [1mSELECT `students`.* FROM `students`[0m
Rendered students/index.html.erb within layouts/application (25.1ms)
Completed 200 OK in 228ms (Views: 46.8ms | ActiveRecord: 18.4ms)


Started GET "/students/new" for 127.0.0.1 at Sat Mar 19 00:43:32 +0530 2011
  Processing by StudentsController#new as HTML
Rendered students/_form.html.erb (292.5ms)
Rendered students/new.html.erb within layouts/application (341.9ms)
Completed 200 OK in 460ms (Views: 381.0ms | ActiveRecord: 0.0ms)


Started GET "/students/new" for 127.0.0.1 at Sat Mar 19 00:44:30 +0530 2011
  Processing by StudentsController#new as HTML
Rendered students/_form.html.erb (112.4ms)
Rendered students/new.html.erb within layouts/application (134.4ms)
Completed 200 OK in 212ms (Views: 169.8ms | ActiveRecord: 0.0ms)


Started GET "/students/new" for 127.0.0.1 at Sat Mar 19 00:45:09 +0530 2011
  Processing by StudentsController#new as HTML
Rendered students/_form.html.erb (109.0ms)
Rendered students/new.html.erb within layouts/application (137.4ms)
Completed 200 OK in 202ms (Views: 163.5ms | ActiveRecord: 0.0ms)


Started GET "/students/new" for 127.0.0.1 at Sat Mar 19 00:48:06 +0530 2011
  Processing by StudentsController#new as HTML
Rendered students/_form.html.erb (112.4ms)
Rendered students/new.html.erb within layouts/application (147.3ms)
Completed 200 OK in 219ms (Views: 167.5ms | ActiveRecord: 0.0ms)


Started POST "/students" for 127.0.0.1 at Sat Mar 19 00:48:33 +0530 2011
  Processing by StudentsController#create as HTML
  Parameters: {"commit"=>"Create Student", "authenticity_token"=>"JgRw2sPGMG+rV2GzuUuvIhUmCnusaQLxrjXNxXDKFWc=", "utf8"=>"✓", "student"=>{"name"=>"arun", "std"=>"IV", "mark"=>"78", "description"=>"", "status"=>"0"}}
  [1m[35mSQL (18.5ms)[0m  BEGIN
  [1m[36mSQL (1.6ms)[0m  [1mSHOW TABLES[0m
  [1m[35mSQL (4.7ms)[0m  describe `students`
  [1m[36mAREL (9.1ms)[0m  [1mINSERT INTO `students` (`name`, `mark`, `std`, `updated_at`, `status`, `created_at`, `description`) VALUES ('arun', 78, 'IV', '2011-03-18 19:18:34', 0, '2011-03-18 19:18:34', '')[0m
  [1m[35mSQL (3.7ms)[0m  COMMIT
Redirected to http://localhost:3000/students/1
Completed 302 Found in 226ms


Started GET "/students/1" for 127.0.0.1 at Sat Mar 19 00:48:34 +0530 2011
  Processing by StudentsController#show as HTML
  Parameters: {"id"=>"1"}
  [1m[36mStudent Load (21.2ms)[0m  [1mSELECT `students`.* FROM `students` WHERE `students`.`id` = 1 LIMIT 1[0m
Rendered students/show.html.erb within layouts/application (95.9ms)
Completed 200 OK in 196ms (Views: 121.8ms | ActiveRecord: 21.2ms)


Started GET "/students" for 127.0.0.1 at Sat Mar 19 00:48:40 +0530 2011
  Processing by StudentsController#index as HTML
  [1m[35mStudent Load (1.3ms)[0m  SELECT `students`.* FROM `students`
Rendered students/index.html.erb within layouts/application (97.7ms)
Completed 200 OK in 158ms (Views: 123.3ms | ActiveRecord: 1.3ms)


Started GET "/students/new" for 127.0.0.1 at Sat Mar 19 00:48:43 +0530 2011
  Processing by StudentsController#new as HTML
Rendered students/_form.html.erb (101.0ms)
Rendered students/new.html.erb within layouts/application (123.0ms)
Completed 200 OK in 187ms (Views: 148.3ms | ActiveRecord: 0.0ms)


Started POST "/students" for 127.0.0.1 at Sat Mar 19 00:48:59 +0530 2011
  Processing by StudentsController#create as HTML
  Parameters: {"commit"=>"Create Student", "authenticity_token"=>"JgRw2sPGMG+rV2GzuUuvIhUmCnusaQLxrjXNxXDKFWc=", "utf8"=>"✓", "student"=>{"name"=>"balu", "std"=>"V", "mark"=>"98", "description"=>"pass", "status"=>"1"}}
  [1m[36mSQL (0.6ms)[0m  [1mBEGIN[0m
  [1m[35mSQL (4.8ms)[0m  describe `students`
  [1m[36mAREL (1.2ms)[0m  [1mINSERT INTO `students` (`name`, `updated_at`, `status`, `description`, `std`, `mark`, `created_at`) VALUES ('balu', '2011-03-18 19:18:59', 1, 'pass', 'V', 98, '2011-03-18 19:18:59')[0m
  [1m[35mSQL (9.6ms)[0m  COMMIT
Redirected to http://localhost:3000/students/2
Completed 302 Found in 159ms


Started GET "/students/2" for 127.0.0.1 at Sat Mar 19 00:48:59 +0530 2011
  Processing by StudentsController#show as HTML
  Parameters: {"id"=>"2"}
  [1m[36mStudent Load (1.4ms)[0m  [1mSELECT `students`.* FROM `students` WHERE `students`.`id` = 2 LIMIT 1[0m
Rendered students/show.html.erb within layouts/application (77.6ms)
Completed 200 OK in 154ms (Views: 104.5ms | ActiveRecord: 39.1ms)


Started GET "/students" for 127.0.0.1 at Sat Mar 19 00:49:02 +0530 2011
  Processing by StudentsController#index as HTML
  [1m[35mStudent Load (1.4ms)[0m  SELECT `students`.* FROM `students`
Rendered students/index.html.erb within layouts/application (183.6ms)
Completed 200 OK in 300ms (Views: 233.0ms | ActiveRecord: 1.4ms)


Started GET "/students/1" for 127.0.0.1 at Sat Mar 19 00:49:07 +0530 2011
  Processing by StudentsController#show as HTML
  Parameters: {"id"=>"1"}
  [1m[36mStudent Load (7.4ms)[0m  [1mSELECT `students`.* FROM `students` WHERE `students`.`id` = 1 LIMIT 1[0m
Rendered students/show.html.erb within layouts/application (79.1ms)
Completed 200 OK in 154ms (Views: 99.0ms | ActiveRecord: 23.5ms)


Started GET "/students" for 127.0.0.1 at Sat Mar 19 00:49:10 +0530 2011
  Processing by StudentsController#index as HTML
  [1m[35mStudent Load (0.6ms)[0m  SELECT `students`.* FROM `students`
Rendered students/index.html.erb within layouts/application (115.0ms)
Completed 200 OK in 171ms (Views: 135.6ms | ActiveRecord: 0.6ms)


Started GET "/students/2" for 127.0.0.1 at Sat Mar 19 00:49:14 +0530 2011
  Processing by StudentsController#show as HTML
  Parameters: {"id"=>"2"}
  [1m[36mStudent Load (7.0ms)[0m  [1mSELECT `students`.* FROM `students` WHERE `students`.`id` = 2 LIMIT 1[0m
Rendered students/show.html.erb within layouts/application (129.6ms)
Completed 200 OK in 254ms (Views: 164.0ms | ActiveRecord: 7.0ms)


Started GET "/students" for 127.0.0.1 at Sat Mar 19 00:49:17 +0530 2011
  Processing by StudentsController#index as HTML
  [1m[35mStudent Load (1.3ms)[0m  SELECT `students`.* FROM `students`
Rendered students/index.html.erb within layouts/application (117.4ms)
Completed 200 OK in 177ms (Views: 144.0ms | ActiveRecord: 1.3ms)


Started GET "/students" for 127.0.0.1 at Sat Mar 19 00:49:56 +0530 2011
  Processing by StudentsController#index as HTML
  [1m[36mStudent Load (0.6ms)[0m  [1mSELECT `students`.* FROM `students`[0m
Rendered students/index.html.erb within layouts/application (367.6ms)
Completed 200 OK in 421ms (Views: 388.4ms | ActiveRecord: 0.6ms)


Started GET "/students/new" for 127.0.0.1 at Sat Mar 19 00:49:58 +0530 2011
  Processing by StudentsController#new as HTML
Rendered students/_form.html.erb (116.8ms)
Rendered students/new.html.erb within layouts/application (147.3ms)
Completed 200 OK in 253ms (Views: 178.3ms | ActiveRecord: 0.0ms)


Started GET "/students/new" for 127.0.0.1 at Sat Mar 19 00:50:21 +0530 2011
  Processing by StudentsController#new as HTML
Rendered students/_form.html.erb (105.0ms)
Rendered students/new.html.erb within layouts/application (132.0ms)
Completed 200 OK in 207ms (Views: 157.5ms | ActiveRecord: 0.0ms)


Started GET "/students/new" for 127.0.0.1 at Sat Mar 19 00:51:17 +0530 2011
  Processing by StudentsController#new as HTML
Rendered students/_form.html.erb (106.6ms)
Rendered students/new.html.erb within layouts/application (134.0ms)
Completed 200 OK in 204ms (Views: 165.9ms | ActiveRecord: 0.0ms)


Started GET "/students/new" for 127.0.0.1 at Sat Mar 19 00:52:35 +0530 2011
  Processing by StudentsController#new as HTML
Rendered students/_form.html.erb (110.4ms)
Rendered students/new.html.erb within layouts/application (134.7ms)
Completed 200 OK in 208ms (Views: 163.9ms | ActiveRecord: 0.0ms)


Started GET "/students/new" for 127.0.0.1 at Sat Mar 19 00:57:38 +0530 2011
  Processing by StudentsController#new as HTML
Rendered students/_form.html.erb (106.1ms)
Rendered students/new.html.erb within layouts/application (128.3ms)
Completed 200 OK in 199ms (Views: 155.9ms | ActiveRecord: 0.0ms)


Started GET "/students/new" for 127.0.0.1 at Sat Mar 19 00:59:38 +0530 2011
  Processing by StudentsController#new as HTML
Rendered students/_form.html.erb (104.4ms)
Rendered students/new.html.erb within layouts/application (130.8ms)
Completed 200 OK in 197ms (Views: 158.4ms | ActiveRecord: 0.0ms)


Started GET "/students/new" for 127.0.0.1 at Sat Mar 19 01:00:08 +0530 2011
  Processing by StudentsController#new as HTML
Rendered students/_form.html.erb (114.0ms)
Rendered students/new.html.erb within layouts/application (146.2ms)
Completed 200 OK in 222ms (Views: 175.8ms | ActiveRecord: 0.0ms)


Started GET "/students/new" for 127.0.0.1 at Sat Mar 19 01:02:30 +0530 2011
  Processing by StudentsController#new as HTML
Rendered students/_form.html.erb (115.1ms)
Rendered students/new.html.erb within layouts/application (142.0ms)
Completed 200 OK in 210ms (Views: 170.6ms | ActiveRecord: 0.0ms)


Started GET "/students/" for 127.0.0.1 at Sat Mar 19 01:02:36 +0530 2011
  Processing by StudentsController#index as HTML
  [1m[35mStudent Load (0.8ms)[0m  SELECT `students`.* FROM `students`
Rendered students/index.html.erb within layouts/application (100.3ms)
Completed 200 OK in 188ms (Views: 134.6ms | ActiveRecord: 0.8ms)


Started GET "/students/new" for 127.0.0.1 at Sat Mar 19 01:02:43 +0530 2011
  Processing by StudentsController#new as HTML
Rendered students/_form.html.erb (109.5ms)
Rendered students/new.html.erb within layouts/application (139.5ms)
Completed 200 OK in 206ms (Views: 166.8ms | ActiveRecord: 0.0ms)


Started GET "/students" for 127.0.0.1 at Sat Mar 19 01:02:46 +0530 2011
  Processing by StudentsController#index as HTML
  [1m[36mStudent Load (2.5ms)[0m  [1mSELECT `students`.* FROM `students`[0m
Rendered students/index.html.erb within layouts/application (118.0ms)
Completed 200 OK in 190ms (Views: 148.1ms | ActiveRecord: 2.5ms)


Started GET "/students/2/edit" for 127.0.0.1 at Sat Mar 19 01:02:50 +0530 2011
  Processing by StudentsController#edit as HTML
  Parameters: {"id"=>"2"}
  [1m[35mStudent Load (0.6ms)[0m  SELECT `students`.* FROM `students` WHERE `students`.`id` = 2 LIMIT 1
Rendered students/_form.html.erb (118.1ms)
Rendered students/edit.html.erb within layouts/application (154.3ms)
Completed 200 OK in 231ms (Views: 184.3ms | ActiveRecord: 0.6ms)


Started POST "/students/2" for 127.0.0.1 at Sat Mar 19 01:03:15 +0530 2011
  Processing by StudentsController#update as HTML
  Parameters: {"commit"=>"Update Student", "authenticity_token"=>"JgRw2sPGMG+rV2GzuUuvIhUmCnusaQLxrjXNxXDKFWc=", "utf8"=>"✓", "id"=>"2", "student"=>{"name"=>"balu", "std"=>"VIII", "mark"=>"98", "description"=>"pass", "status"=>"1"}}
  [1m[36mStudent Load (0.6ms)[0m  [1mSELECT `students`.* FROM `students` WHERE `students`.`id` = 2 LIMIT 1[0m
  [1m[35mSQL (1.2ms)[0m  BEGIN
  [1m[36mAREL (43.3ms)[0m  [1mUPDATE `students` SET `updated_at` = '2011-03-18 19:33:15', `std` = 'VIII' WHERE `students`.`id` = 2[0m
  [1m[35mSQL (10.2ms)[0m  COMMIT
Redirected to http://localhost:3000/students/2
Completed 302 Found in 206ms


Started GET "/students/2" for 127.0.0.1 at Sat Mar 19 01:03:16 +0530 2011
  Processing by StudentsController#show as HTML
  Parameters: {"id"=>"2"}
  [1m[36mStudent Load (3.3ms)[0m  [1mSELECT `students`.* FROM `students` WHERE `students`.`id` = 2 LIMIT 1[0m
Rendered students/show.html.erb within layouts/application (82.5ms)
Completed 200 OK in 162ms (Views: 109.2ms | ActiveRecord: 3.3ms)


Started GET "/students" for 127.0.0.1 at Sat Mar 19 01:03:19 +0530 2011
  Processing by StudentsController#index as HTML
  [1m[35mStudent Load (1.4ms)[0m  SELECT `students`.* FROM `students`
Rendered students/index.html.erb within layouts/application (193.0ms)
Completed 200 OK in 288ms (Views: 250.8ms | ActiveRecord: 1.4ms)


Started GET "/students" for 127.0.0.1 at Sat Mar 19 01:03:52 +0530 2011
  Processing by StudentsController#index as HTML
  [1m[36mStudent Load (0.6ms)[0m  [1mSELECT `students`.* FROM `students`[0m
Rendered students/index.html.erb within layouts/application (162.6ms)
Completed 200 OK in 308ms (Views: 261.4ms | ActiveRecord: 0.6ms)


Started GET "/students" for 127.0.0.1 at Sat Mar 19 01:03:53 +0530 2011
  Processing by StudentsController#index as HTML
  [1m[35mStudent Load (0.6ms)[0m  SELECT `students`.* FROM `students`
Rendered students/index.html.erb within layouts/application (113.4ms)
Completed 200 OK in 181ms (Views: 141.6ms | ActiveRecord: 0.6ms)


Started GET "/students/2" for 127.0.0.1 at Sat Mar 19 01:06:25 +0530 2011
  Processing by StudentsController#show as HTML
  Parameters: {"id"=>"2"}
  [1m[36mStudent Load (21.1ms)[0m  [1mSELECT `students`.* FROM `students` WHERE `students`.`id` = 2 LIMIT 1[0m
Rendered students/show.html.erb within layouts/application (136.1ms)
Completed 200 OK in 298ms (Views: 178.4ms | ActiveRecord: 21.1ms)


Started GET "/students/2" for 127.0.0.1 at Sat Mar 19 01:10:28 +0530 2011
  Processing by StudentsController#show as HTML
  Parameters: {"id"=>"2"}
  [1m[35mStudent Load (0.6ms)[0m  SELECT `students`.* FROM `students` WHERE `students`.`id` = 2 LIMIT 1
ERROR: compiling _app_views_layouts_application_html_erb___981385502__617817778_0 RAISED compile error
/home/rajkumar/Documents/jquery1/app/views/layouts/application.html.erb:6: syntax error, unexpected ',', expecting tCOLON2 or '[' or '.'
...script_include_tag ,:defaults, 'jquery-1.5' );@output_buffer...
                              ^
Function body:           def _app_views_layouts_application_html_erb___981385502__617817778_0(local_assigns)
            _old_virtual_path, @_virtual_path = @_virtual_path, "layouts/application";_old_output_buffer = @output_buffer;;@output_buffer = ActionView::OutputBuffer.new;@output_buffer.safe_concat('<!DOCTYPE html>
<html>
<head>
  <title>Jquery1</title>
  ');@output_buffer.append= ( stylesheet_link_tag :all );@output_buffer.safe_concat('
');@output_buffer.safe_concat('  ');@output_buffer.append= ( javascript_include_tag ,:defaults, 'jquery-1.5' );@output_buffer.safe_concat('
');@output_buffer.safe_concat('  ');@output_buffer.append= ( javascript_include_tag 'first' );@output_buffer.safe_concat('
');@output_buffer.safe_concat('  ');@output_buffer.append= ( csrf_meta_tag );@output_buffer.safe_concat('
');@output_buffer.safe_concat('</head>
<body>

');@output_buffer.append= ( yield );@output_buffer.safe_concat('
');@output_buffer.safe_concat('
</body>
</html>
');@output_buffer.to_s
          ensure
            @_virtual_path, @output_buffer = _old_virtual_path, _old_output_buffer
          end
Backtrace: /home/rajkumar/Documents/jquery1/app/views/layouts/application.html.erb:19:in `compile'
/usr/lib/ruby/gems/1.8/gems/actionpack-3.0.5/lib/action_view/template.rb:134:in `render'
/usr/lib/ruby/gems/1.8/gems/activesupport-3.0.5/lib/active_support/notifications.rb:54:in `instrument'
/usr/lib/ruby/gems/1.8/gems/actionpack-3.0.5/lib/action_view/template.rb:127:in `render'
/usr/lib/ruby/gems/1.8/gems/actionpack-3.0.5/lib/action_view/render/layouts.rb:80:in `_render_layout'
/usr/lib/ruby/gems/1.8/gems/actionpack-3.0.5/lib/action_view/render/rendering.rb:62:in `_render_template'
/usr/lib/ruby/gems/1.8/gems/activesupport-3.0.5/lib/active_support/notifications.rb:52:in `instrument'
/usr/lib/ruby/gems/1.8/gems/activesupport-3.0.5/lib/active_support/notifications/instrumenter.rb:21:in `instrument'
/usr/lib/ruby/gems/1.8/gems/activesupport-3.0.5/lib/active_support/notifications.rb:52:in `instrument'
/usr/lib/ruby/gems/1.8/gems/actionpack-3.0.5/lib/action_view/render/rendering.rb:56:in `_render_template'
/usr/lib/ruby/gems/1.8/gems/actionpack-3.0.5/lib/action_view/render/rendering.rb:26:in `render'
/usr/lib/ruby/gems/1.8/gems/actionpack-3.0.5/lib/abstract_controller/rendering.rb:115:in `_render_template'
/usr/lib/ruby/gems/1.8/gems/actionpack-3.0.5/lib/abstract_controller/rendering.rb:109:in `render_to_body'
/usr/lib/ruby/gems/1.8/gems/actionpack-3.0.5/lib/action_controller/metal/renderers.rb:47:in `render_to_body'
/usr/lib/ruby/gems/1.8/gems/actionpack-3.0.5/lib/action_controller/metal/compatibility.rb:55:in `render_to_body'
/usr/lib/ruby/gems/1.8/gems/actionpack-3.0.5/lib/abstract_controller/rendering.rb:102:in `render_to_string'
/usr/lib/ruby/gems/1.8/gems/actionpack-3.0.5/lib/abstract_controller/rendering.rb:93:in `render'
/usr/lib/ruby/gems/1.8/gems/actionpack-3.0.5/lib/action_controller/metal/rendering.rb:17:in `render'
/usr/lib/ruby/gems/1.8/gems/actionpack-3.0.5/lib/action_controller/metal/instrumentation.rb:40:in `render'
/usr/lib/ruby/gems/1.8/gems/activesupport-3.0.5/lib/active_support/core_ext/benchmark.rb:5:in `ms'
/usr/lib/ruby/1.8/benchmark.rb:308:in `realtime'
/usr/lib/ruby/gems/1.8/gems/activesupport-3.0.5/lib/active_support/core_ext/benchmark.rb:5:in `ms'
/usr/lib/ruby/gems/1.8/gems/actionpack-3.0.5/lib/action_controller/metal/instrumentation.rb:40:in `render'
/usr/lib/ruby/gems/1.8/gems/actionpack-3.0.5/lib/action_controller/metal/instrumentation.rb:78:in `cleanup_view_runtime'
/usr/lib/ruby/gems/1.8/gems/activerecord-3.0.5/lib/active_record/railties/controller_runtime.rb:15:in `cleanup_view_runtime'
/usr/lib/ruby/gems/1.8/gems/actionpack-3.0.5/lib/action_controller/metal/instrumentation.rb:39:in `render'
/usr/lib/ruby/gems/1.8/gems/actionpack-3.0.5/lib/action_controller/metal/implicit_render.rb:10:in `default_render'
/usr/lib/ruby/gems/1.8/gems/actionpack-3.0.5/lib/action_controller/metal/mime_responds.rb:261:in `retrieve_response_from_mimes'
/usr/lib/ruby/gems/1.8/gems/actionpack-3.0.5/lib/action_controller/metal/mime_responds.rb:192:in `call'
/usr/lib/ruby/gems/1.8/gems/actionpack-3.0.5/lib/action_controller/metal/mime_responds.rb:192:in `respond_to'
/home/rajkumar/Documents/jquery1/app/controllers/students_controller.rb:18:in `show'
/usr/lib/ruby/gems/1.8/gems/actionpack-3.0.5/lib/action_controller/metal/implicit_render.rb:4:in `send_action'
/usr/lib/ruby/gems/1.8/gems/actionpack-3.0.5/lib/action_controller/metal/implicit_render.rb:4:in `send_action'
/usr/lib/ruby/gems/1.8/gems/actionpack-3.0.5/lib/abstract_controller/base.rb:150:in `process_action'
/usr/lib/ruby/gems/1.8/gems/actionpack-3.0.5/lib/action_controller/metal/rendering.rb:11:in `process_action'
/usr/lib/ruby/gems/1.8/gems/actionpack-3.0.5/lib/abstract_controller/callbacks.rb:18:in `process_action'
/usr/lib/ruby/gems/1.8/gems/activesupport-3.0.5/lib/active_support/callbacks.rb:435:in `_run__1059892792__process_action__453433196__callbacks'
/usr/lib/ruby/gems/1.8/gems/activesupport-3.0.5/lib/active_support/callbacks.rb:409:in `send'
/usr/lib/ruby/gems/1.8/gems/activesupport-3.0.5/lib/active_support/callbacks.rb:409:in `_run_process_action_callbacks'
/usr/lib/ruby/gems/1.8/gems/activesupport-3.0.5/lib/active_support/callbacks.rb:93:in `send'
/usr/lib/ruby/gems/1.8/gems/activesupport-3.0.5/lib/active_support/callbacks.rb:93:in `run_callbacks'
/usr/lib/ruby/gems/1.8/gems/actionpack-3.0.5/lib/abstract_controller/callbacks.rb:17:in `process_action'
/usr/lib/ruby/gems/1.8/gems/actionpack-3.0.5/lib/action_controller/metal/instrumentation.rb:30:in `process_action'
/usr/lib/ruby/gems/1.8/gems/activesupport-3.0.5/lib/active_support/notifications.rb:52:in `instrument'
/usr/lib/ruby/gems/1.8/gems/activesupport-3.0.5/lib/active_support/notifications/instrumenter.rb:21:in `instrument'
/usr/lib/ruby/gems/1.8/gems/activesupport-3.0.5/lib/active_support/notifications.rb:52:in `instrument'
/usr/lib/ruby/gems/1.8/gems/actionpack-3.0.5/lib/action_controller/metal/instrumentation.rb:29:in `process_action'
/usr/lib/ruby/gems/1.8/gems/actionpack-3.0.5/lib/action_controller/metal/rescue.rb:17:in `process_action'
/usr/lib/ruby/gems/1.8/gems/actionpack-3.0.5/lib/abstract_controller/base.rb:119:in `process'
/usr/lib/ruby/gems/1.8/gems/actionpack-3.0.5/lib/abstract_controller/rendering.rb:41:in `process'
/usr/lib/ruby/gems/1.8/gems/actionpack-3.0.5/lib/action_controller/metal.rb:138:in `dispatch'
/usr/lib/ruby/gems/1.8/gems/actionpack-3.0.5/lib/action_controller/metal/rack_delegation.rb:14:in `dispatch'
/usr/lib/ruby/gems/1.8/gems/actionpack-3.0.5/lib/action_controller/metal.rb:178:in `action'
/usr/lib/ruby/gems/1.8/gems/actionpack-3.0.5/lib/action_dispatch/routing/route_set.rb:62:in `call'
/usr/lib/ruby/gems/1.8/gems/actionpack-3.0.5/lib/action_dispatch/routing/route_set.rb:62:in `dispatch'
/usr/lib/ruby/gems/1.8/gems/actionpack-3.0.5/lib/action_dispatch/routing/route_set.rb:27:in `call'
/usr/lib/ruby/gems/1.8/gems/rack-mount-0.6.13/lib/rack/mount/route_set.rb:148:in `call'
/usr/lib/ruby/gems/1.8/gems/rack-mount-0.6.13/lib/rack/mount/code_generation.rb:93:in `recognize'
/usr/lib/ruby/gems/1.8/gems/rack-mount-0.6.13/lib/rack/mount/code_generation.rb:82:in `optimized_each'
/usr/lib/ruby/gems/1.8/gems/rack-mount-0.6.13/lib/rack/mount/code_generation.rb:92:in `recognize'
/usr/lib/ruby/gems/1.8/gems/rack-mount-0.6.13/lib/rack/mount/route_set.rb:139:in `call'
/usr/lib/ruby/gems/1.8/gems/actionpack-3.0.5/lib/action_dispatch/routing/route_set.rb:492:in `call'
/usr/lib/ruby/gems/1.8/gems/actionpack-3.0.5/lib/action_dispatch/middleware/best_standards_support.rb:17:in `call'
/usr/lib/ruby/gems/1.8/gems/actionpack-3.0.5/lib/action_dispatch/middleware/head.rb:14:in `call'
/usr/lib/ruby/gems/1.8/gems/rack-1.2.1/lib/rack/methodoverride.rb:24:in `call'
/usr/lib/ruby/gems/1.8/gems/actionpack-3.0.5/lib/action_dispatch/middleware/params_parser.rb:21:in `call'
/usr/lib/ruby/gems/1.8/gems/actionpack-3.0.5/lib/action_dispatch/middleware/flash.rb:182:in `call'
/usr/lib/ruby/gems/1.8/gems/actionpack-3.0.5/lib/action_dispatch/middleware/session/abstract_store.rb:149:in `call'
/usr/lib/ruby/gems/1.8/gems/actionpack-3.0.5/lib/action_dispatch/middleware/cookies.rb:302:in `call'
/usr/lib/ruby/gems/1.8/gems/activerecord-3.0.5/lib/active_record/query_cache.rb:32:in `call'
/usr/lib/ruby/gems/1.8/gems/activerecord-3.0.5/lib/active_record/connection_adapters/abstract/query_cache.rb:28:in `cache'
/usr/lib/ruby/gems/1.8/gems/activerecord-3.0.5/lib/active_record/query_cache.rb:12:in `cache'
/usr/lib/ruby/gems/1.8/gems/activerecord-3.0.5/lib/active_record/query_cache.rb:31:in `call'
/usr/lib/ruby/gems/1.8/gems/activerecord-3.0.5/lib/active_record/connection_adapters/abstract/connection_pool.rb:354:in `call'
/usr/lib/ruby/gems/1.8/gems/actionpack-3.0.5/lib/action_dispatch/middleware/callbacks.rb:46:in `call'
/usr/lib/ruby/gems/1.8/gems/activesupport-3.0.5/lib/active_support/callbacks.rb:415:in `_run_call_callbacks'
/usr/lib/ruby/gems/1.8/gems/actionpack-3.0.5/lib/action_dispatch/middleware/callbacks.rb:44:in `call'
/usr/lib/ruby/gems/1.8/gems/rack-1.2.1/lib/rack/sendfile.rb:107:in `call'
/usr/lib/ruby/gems/1.8/gems/actionpack-3.0.5/lib/action_dispatch/middleware/remote_ip.rb:48:in `call'
/usr/lib/ruby/gems/1.8/gems/actionpack-3.0.5/lib/action_dispatch/middleware/show_exceptions.rb:47:in `call'
/usr/lib/ruby/gems/1.8/gems/railties-3.0.5/lib/rails/rack/logger.rb:13:in `call'
/usr/lib/ruby/gems/1.8/gems/rack-1.2.1/lib/rack/runtime.rb:17:in `call'
/usr/lib/ruby/gems/1.8/gems/activesupport-3.0.5/lib/active_support/cache/strategy/local_cache.rb:72:in `call'
/usr/lib/ruby/gems/1.8/gems/rack-1.2.1/lib/rack/lock.rb:11:in `call'
/usr/lib/ruby/gems/1.8/gems/rack-1.2.1/lib/rack/lock.rb:11:in `synchronize'
/usr/lib/ruby/gems/1.8/gems/rack-1.2.1/lib/rack/lock.rb:11:in `call'
/usr/lib/ruby/gems/1.8/gems/actionpack-3.0.5/lib/action_dispatch/middleware/static.rb:30:in `call'
/usr/lib/ruby/gems/1.8/gems/railties-3.0.5/lib/rails/application.rb:168:in `call'
/usr/lib/ruby/gems/1.8/gems/railties-3.0.5/lib/rails/application.rb:77:in `send'
/usr/lib/ruby/gems/1.8/gems/railties-3.0.5/lib/rails/application.rb:77:in `method_missing'
/usr/lib/ruby/gems/1.8/gems/railties-3.0.5/lib/rails/rack/log_tailer.rb:14:in `call'
/usr/lib/ruby/gems/1.8/gems/rack-1.2.1/lib/rack/content_length.rb:13:in `call'
/usr/lib/ruby/gems/1.8/gems/rack-1.2.1/lib/rack/handler/webrick.rb:52:in `service'
/usr/lib/ruby/1.8/webrick/httpserver.rb:104:in `service'
/usr/lib/ruby/1.8/webrick/httpserver.rb:65:in `run'
/usr/lib/ruby/1.8/webrick/server.rb:173:in `start_thread'
/usr/lib/ruby/1.8/webrick/server.rb:162:in `start'
/usr/lib/ruby/1.8/webrick/server.rb:162:in `start_thread'
/usr/lib/ruby/1.8/webrick/server.rb:95:in `start'
/usr/lib/ruby/1.8/webrick/server.rb:92:in `each'
/usr/lib/ruby/1.8/webrick/server.rb:92:in `start'
/usr/lib/ruby/1.8/webrick/server.rb:23:in `start'
/usr/lib/ruby/1.8/webrick/server.rb:82:in `start'
/usr/lib/ruby/gems/1.8/gems/rack-1.2.1/lib/rack/handler/webrick.rb:13:in `run'
/usr/lib/ruby/gems/1.8/gems/rack-1.2.1/lib/rack/server.rb:213:in `start'
/usr/lib/ruby/gems/1.8/gems/railties-3.0.5/lib/rails/commands/server.rb:65:in `start'
/usr/lib/ruby/gems/1.8/gems/railties-3.0.5/lib/rails/commands.rb:30
/usr/lib/ruby/gems/1.8/gems/railties-3.0.5/lib/rails/commands.rb:27:in `tap'
/usr/lib/ruby/gems/1.8/gems/railties-3.0.5/lib/rails/commands.rb:27
script/rails:6:in `require'
script/rails:6
Rendered students/show.html.erb within layouts/application (150.0ms)
Completed   in 234ms

ActionView::Template::Error (compile error
/home/rajkumar/Documents/jquery1/app/views/layouts/application.html.erb:6: syntax error, unexpected ',', expecting tCOLON2 or '[' or '.'
...script_include_tag ,:defaults, 'jquery-1.5' );@output_buffer...
                              ^):
    3: <head>
    4:   <title>Jquery1</title>
    5:   <%= stylesheet_link_tag :all %>
    6:   <%= javascript_include_tag ,:defaults, 'jquery-1.5' %>
    7:   <%= javascript_include_tag 'first' %>
    8:   <%= csrf_meta_tag %>
    9: </head>
  app/views/layouts/application.html.erb:19:in `compile'
  app/controllers/students_controller.rb:18:in `show'

Rendered /usr/lib/ruby/gems/1.8/gems/actionpack-3.0.5/lib/action_dispatch/middleware/templates/rescues/_trace.erb (15.0ms)
Rendered /usr/lib/ruby/gems/1.8/gems/actionpack-3.0.5/lib/action_dispatch/middleware/templates/rescues/_request_and_response.erb (77.4ms)
Rendered /usr/lib/ruby/gems/1.8/gems/actionpack-3.0.5/lib/action_dispatch/middleware/templates/rescues/template_error.erb within rescues/layout (136.3ms)


Started GET "/students/2" for 127.0.0.1 at Sat Mar 19 01:12:18 +0530 2011
  Processing by StudentsController#show as HTML
  Parameters: {"id"=>"2"}
  [1m[36mStudent Load (0.6ms)[0m  [1mSELECT `students`.* FROM `students` WHERE `students`.`id` = 2 LIMIT 1[0m
Rendered students/show.html.erb within layouts/application (95.5ms)
Completed 200 OK in 175ms (Views: 122.5ms | ActiveRecord: 0.6ms)


Started GET "/students" for 127.0.0.1 at Sat Mar 19 01:12:24 +0530 2011
  Processing by StudentsController#index as HTML
  [1m[35mStudent Load (0.7ms)[0m  SELECT `students`.* FROM `students`
Rendered students/index.html.erb within layouts/application (130.8ms)
Completed 200 OK in 198ms (Views: 160.5ms | ActiveRecord: 0.7ms)


Started GET "/students/new" for 127.0.0.1 at Sat Mar 19 01:12:27 +0530 2011
  Processing by StudentsController#new as HTML
Rendered students/_form.html.erb (106.2ms)
Rendered students/new.html.erb within layouts/application (144.7ms)
Completed 200 OK in 216ms (Views: 175.4ms | ActiveRecord: 0.0ms)


Started POST "/students" for 127.0.0.1 at Sat Mar 19 01:13:15 +0530 2011
  Processing by StudentsController#create as HTML
  Parameters: {"commit"=>"Create Student", "authenticity_token"=>"JgRw2sPGMG+rV2GzuUuvIhUmCnusaQLxrjXNxXDKFWc=", "utf8"=>"✓", "student"=>{"name"=>"delhi", "std"=>"XI", "mark"=>"90", "description"=>"A grade", "status"=>"1"}}
  [1m[36mSQL (1.1ms)[0m  [1mBEGIN[0m
  [1m[35mSQL (13.6ms)[0m  describe `students`
  [1m[36mAREL (1.4ms)[0m  [1mINSERT INTO `students` (`name`, `description`, `std`, `status`, `mark`, `updated_at`, `created_at`) VALUES ('delhi', 'A grade', 'XI', 1, 90, '2011-03-18 19:43:16', '2011-03-18 19:43:16')[0m
  [1m[35mSQL (3.4ms)[0m  COMMIT
Redirected to http://localhost:3000/students/3
Completed 302 Found in 167ms


Started GET "/students/3" for 127.0.0.1 at Sat Mar 19 01:13:16 +0530 2011
  Processing by StudentsController#show as HTML
  Parameters: {"id"=>"3"}
  [1m[36mStudent Load (8.1ms)[0m  [1mSELECT `students`.* FROM `students` WHERE `students`.`id` = 3 LIMIT 1[0m
Rendered students/show.html.erb within layouts/application (378.5ms)
Completed 200 OK in 452ms (Views: 399.0ms | ActiveRecord: 27.6ms)


Started GET "/students" for 127.0.0.1 at Sat Mar 19 01:13:20 +0530 2011
  Processing by StudentsController#index as HTML
  [1m[35mStudent Load (1.4ms)[0m  SELECT `students`.* FROM `students`
Rendered students/index.html.erb within layouts/application (234.8ms)
Completed 200 OK in 341ms (Views: 277.0ms | ActiveRecord: 1.4ms)


Started GET "/students/3" for 127.0.0.1 at Sat Mar 19 01:13:26 +0530 2011
  Processing by StudentsController#show as HTML
  Parameters: {"id"=>"3"}
  [1m[36mStudent Load (0.7ms)[0m  [1mSELECT `students`.* FROM `students` WHERE `students`.`id` = 3 LIMIT 1[0m
Rendered students/show.html.erb within layouts/application (116.4ms)
Completed 200 OK in 198ms (Views: 142.2ms | ActiveRecord: 0.7ms)


Started GET "/students" for 127.0.0.1 at Sat Mar 19 01:13:31 +0530 2011
  Processing by StudentsController#index as HTML
  [1m[35mStudent Load (1.3ms)[0m  SELECT `students`.* FROM `students`
Rendered students/index.html.erb within layouts/application (131.6ms)
Completed 200 OK in 194ms (Views: 157.4ms | ActiveRecord: 1.3ms)


Started GET "/students/3" for 127.0.0.1 at Sat Mar 19 01:13:55 +0530 2011
  Processing by StudentsController#show as HTML
  Parameters: {"id"=>"3"}
  [1m[36mStudent Load (0.6ms)[0m  [1mSELECT `students`.* FROM `students` WHERE `students`.`id` = 3 LIMIT 1[0m
Rendered students/show.html.erb within layouts/application (93.0ms)
Completed 200 OK in 181ms (Views: 119.3ms | ActiveRecord: 0.6ms)


Started GET "/students" for 127.0.0.1 at Sat Mar 19 01:14:21 +0530 2011
  Processing by StudentsController#index as HTML
  [1m[35mStudent Load (0.6ms)[0m  SELECT `students`.* FROM `students`
Rendered students/index.html.erb within layouts/application (175.7ms)
Completed 200 OK in 322ms (Views: 248.8ms | ActiveRecord: 0.6ms)


Started GET "/students/3" for 127.0.0.1 at Sat Mar 19 01:14:32 +0530 2011
  Processing by StudentsController#show as HTML
  Parameters: {"id"=>"3"}
  [1m[36mStudent Load (1.4ms)[0m  [1mSELECT `students`.* FROM `students` WHERE `students`.`id` = 3 LIMIT 1[0m
Rendered students/show.html.erb within layouts/application (161.9ms)
Completed 200 OK in 516ms (Views: 193.5ms | ActiveRecord: 1.4ms)


Started GET "/students" for 127.0.0.1 at Sat Mar 19 01:21:10 +0530 2011
  Processing by StudentsController#index as HTML
  [1m[35mStudent Load (9.0ms)[0m  SELECT `students`.* FROM `students`
Rendered students/index.html.erb within layouts/application (143.6ms)
Completed 200 OK in 215ms (Views: 170.1ms | ActiveRecord: 9.0ms)


Started POST "/students/2" for 127.0.0.1 at Sat Mar 19 01:21:18 +0530 2011
  Processing by StudentsController#destroy as HTML
  Parameters: {"authenticity_token"=>"JgRw2sPGMG+rV2GzuUuvIhUmCnusaQLxrjXNxXDKFWc=", "id"=>"2"}
  [1m[36mStudent Load (7.2ms)[0m  [1mSELECT `students`.* FROM `students` WHERE `students`.`id` = 2 LIMIT 1[0m
  [1m[35mSQL (0.6ms)[0m  BEGIN
  [1m[36mAREL (18.0ms)[0m  [1mDELETE FROM `students` WHERE `students`.`id` = 2[0m
  [1m[35mSQL (5.5ms)[0m  COMMIT
Redirected to http://localhost:3000/students
Completed 302 Found in 346ms


Started GET "/students" for 127.0.0.1 at Sat Mar 19 01:21:19 +0530 2011
  Processing by StudentsController#index as HTML
  [1m[36mStudent Load (1.3ms)[0m  [1mSELECT `students`.* FROM `students`[0m
Rendered students/index.html.erb within layouts/application (132.9ms)
Completed 200 OK in 198ms (Views: 163.1ms | ActiveRecord: 1.3ms)
  [1m[36mStudent Load (0.6ms)[0m  [1mSELECT `students`.* FROM `students`[0m


Started GET "/students/new" for 127.0.0.1 at Sat Mar 19 01:24:24 +0530 2011
  Processing by StudentsController#new as HTML
Rendered students/_form.html.erb (509.2ms)
Rendered students/new.html.erb within layouts/application (551.4ms)
Completed 200 OK in 696ms (Views: 626.4ms | ActiveRecord: 0.0ms)


Started POST "/students" for 127.0.0.1 at Sat Mar 19 01:25:21 +0530 2011
  Processing by StudentsController#create as HTML
  Parameters: {"commit"=>"Create Student", "authenticity_token"=>"JgRw2sPGMG+rV2GzuUuvIhUmCnusaQLxrjXNxXDKFWc=", "utf8"=>"✓", "student"=>{"name"=>"baskar", "std"=>"12", "mark"=>"100", "description"=>"", "status"=>"1"}}
  [1m[35mSQL (0.6ms)[0m  BEGIN
  [1m[36mSQL (4.8ms)[0m  [1mdescribe `students`[0m
  [1m[35mAREL (7.2ms)[0m  INSERT INTO `students` (`name`, `updated_at`, `description`, `std`, `mark`, `created_at`, `status`) VALUES ('baskar', '2011-03-18 19:55:21', '', '12', 100, '2011-03-18 19:55:21', 1)
  [1m[36mSQL (3.4ms)[0m  [1mCOMMIT[0m
Redirected to http://localhost:3000/students/4
Completed 302 Found in 157ms


Started GET "/students/4" for 127.0.0.1 at Sat Mar 19 01:25:21 +0530 2011
  Processing by StudentsController#show as HTML
  Parameters: {"id"=>"4"}
  [1m[35mStudent Load (1.7ms)[0m  SELECT `students`.* FROM `students` WHERE `students`.`id` = 4 LIMIT 1
Rendered students/show.html.erb within layouts/application (98.4ms)
Completed 200 OK in 187ms (Views: 127.9ms | ActiveRecord: 17.7ms)


Started GET "/students" for 127.0.0.1 at Sat Mar 19 01:25:26 +0530 2011
  Processing by StudentsController#index as HTML
  [1m[36mStudent Load (1.3ms)[0m  [1mSELECT `students`.* FROM `students`[0m
Rendered students/index.html.erb within layouts/application (157.0ms)
Completed 200 OK in 226ms (Views: 179.5ms | ActiveRecord: 1.3ms)


Started GET "/students/4" for 127.0.0.1 at Sat Mar 19 01:25:34 +0530 2011
  Processing by StudentsController#show as HTML
  Parameters: {"id"=>"4"}
  [1m[35mStudent Load (4.8ms)[0m  SELECT `students`.* FROM `students` WHERE `students`.`id` = 4 LIMIT 1
Rendered students/show.html.erb within layouts/application (96.1ms)
Completed 200 OK in 170ms (Views: 119.2ms | ActiveRecord: 4.8ms)


Started GET "/students/4/edit" for 127.0.0.1 at Sat Mar 19 01:25:39 +0530 2011
  Processing by StudentsController#edit as HTML
  Parameters: {"id"=>"4"}
  [1m[36mStudent Load (0.6ms)[0m  [1mSELECT `students`.* FROM `students` WHERE `students`.`id` = 4 LIMIT 1[0m
Rendered students/_form.html.erb (118.7ms)
Rendered students/edit.html.erb within layouts/application (162.2ms)
Completed 200 OK in 245ms (Views: 188.4ms | ActiveRecord: 0.6ms)


Started POST "/students/4" for 127.0.0.1 at Sat Mar 19 01:25:48 +0530 2011
  Processing by StudentsController#destroy as HTML
  Parameters: {"authenticity_token"=>"JgRw2sPGMG+rV2GzuUuvIhUmCnusaQLxrjXNxXDKFWc=", "id"=>"4"}
  [1m[35mStudent Load (0.7ms)[0m  SELECT `students`.* FROM `students` WHERE `students`.`id` = 4 LIMIT 1
  [1m[36mSQL (0.6ms)[0m  [1mBEGIN[0m
  [1m[35mAREL (1.4ms)[0m  DELETE FROM `students` WHERE `students`.`id` = 4
  [1m[36mSQL (16.8ms)[0m  [1mCOMMIT[0m
Redirected to http://localhost:3000/students
Completed 302 Found in 236ms


Started GET "/students" for 127.0.0.1 at Sat Mar 19 01:25:49 +0530 2011
  Processing by StudentsController#index as HTML
  [1m[35mStudent Load (1.4ms)[0m  SELECT `students`.* FROM `students`
Rendered students/index.html.erb within layouts/application (202.4ms)
Completed 200 OK in 327ms (Views: 261.5ms | ActiveRecord: 20.8ms)


Started GET "/students" for 127.0.0.1 at Sat Mar 19 01:30:55 +0530 2011
  Processing by StudentsController#index as HTML
  [1m[36mStudent Load (0.7ms)[0m  [1mSELECT `students`.* FROM `students`[0m
Rendered students/index.html.erb within layouts/application (126.2ms)
Completed 200 OK in 203ms (Views: 153.2ms | ActiveRecord: 0.7ms)


Started GET "/students/new" for 127.0.0.1 at Sat Mar 19 01:30:59 +0530 2011
  Processing by StudentsController#new as HTML
Rendered students/_form.html.erb (115.9ms)
Rendered students/new.html.erb within layouts/application (156.4ms)
Completed 200 OK in 237ms (Views: 191.1ms | ActiveRecord: 0.0ms)


Started GET "/students" for 127.0.0.1 at Sat Mar 19 01:31:14 +0530 2011
  Processing by StudentsController#index as HTML
  [1m[35mStudent Load (0.7ms)[0m  SELECT `students`.* FROM `students`
Rendered students/index.html.erb within layouts/application (164.4ms)
Completed 200 OK in 239ms (Views: 199.0ms | ActiveRecord: 0.7ms)


Started POST "/students/1" for 127.0.0.1 at Sat Mar 19 01:31:22 +0530 2011
  Processing by StudentsController#destroy as HTML
  Parameters: {"authenticity_token"=>"JgRw2sPGMG+rV2GzuUuvIhUmCnusaQLxrjXNxXDKFWc=", "id"=>"1"}
  [1m[36mStudent Load (2.1ms)[0m  [1mSELECT `students`.* FROM `students` WHERE `students`.`id` = 1 LIMIT 1[0m
  [1m[35mSQL (0.6ms)[0m  BEGIN
  [1m[36mAREL (1.2ms)[0m  [1mDELETE FROM `students` WHERE `students`.`id` = 1[0m
  [1m[35mSQL (11.8ms)[0m  COMMIT
Redirected to http://localhost:3000/students
Completed 302 Found in 285ms


Started GET "/students" for 127.0.0.1 at Sat Mar 19 01:31:23 +0530 2011
  Processing by StudentsController#index as HTML
  [1m[36mStudent Load (7.2ms)[0m  [1mSELECT `students`.* FROM `students`[0m
Rendered students/index.html.erb within layouts/application (117.5ms)
Completed 200 OK in 192ms (Views: 149.1ms | ActiveRecord: 7.2ms)


Started GET "/students/new" for 127.0.0.1 at Sat Mar 19 01:31:27 +0530 2011
  Processing by StudentsController#new as HTML
Rendered students/_form.html.erb (112.1ms)
Rendered students/new.html.erb within layouts/application (144.8ms)
Completed 200 OK in 226ms (Views: 174.3ms | ActiveRecord: 0.0ms)


Started POST "/students" for 127.0.0.1 at Sat Mar 19 01:32:11 +0530 2011
  Processing by StudentsController#create as HTML
  Parameters: {"commit"=>"Create Student", "authenticity_token"=>"JgRw2sPGMG+rV2GzuUuvIhUmCnusaQLxrjXNxXDKFWc=", "utf8"=>"✓", "student"=>{"name"=>"anwar", "std"=>"Xi", "mark"=>"45", "description"=>"Grade 'C'", "status"=>"1"}}
  [1m[35mSQL (0.5ms)[0m  BEGIN
  [1m[36mSQL (10.9ms)[0m  [1mdescribe `students`[0m
  [1m[35mAREL (1.3ms)[0m  INSERT INTO `students` (`name`, `mark`, `updated_at`, `status`, `std`, `created_at`, `description`) VALUES ('anwar', 45, '2011-03-18 20:02:11', 1, 'Xi', '2011-03-18 20:02:11', 'Grade \'C\'')
  [1m[36mSQL (4.6ms)[0m  [1mCOMMIT[0m
Redirected to http://localhost:3000/students/5
Completed 302 Found in 162ms


Started GET "/students/5" for 127.0.0.1 at Sat Mar 19 01:32:11 +0530 2011
  Processing by StudentsController#show as HTML
  Parameters: {"id"=>"5"}
  [1m[35mStudent Load (1.5ms)[0m  SELECT `students`.* FROM `students` WHERE `students`.`id` = 5 LIMIT 1
Rendered students/show.html.erb within layouts/application (110.2ms)
Completed 200 OK in 185ms (Views: 137.9ms | ActiveRecord: 18.8ms)


Started GET "/students" for 127.0.0.1 at Sat Mar 19 01:32:18 +0530 2011
  Processing by StudentsController#index as HTML
  [1m[36mStudent Load (1.3ms)[0m  [1mSELECT `students`.* FROM `students`[0m
Rendered students/index.html.erb within layouts/application (129.1ms)
Completed 200 OK in 194ms (Views: 156.9ms | ActiveRecord: 1.3ms)


Started POST "/students/5" for 127.0.0.1 at Sat Mar 19 01:40:58 +0530 2011
  Processing by StudentsController#destroy as HTML
  Parameters: {"authenticity_token"=>"JgRw2sPGMG+rV2GzuUuvIhUmCnusaQLxrjXNxXDKFWc=", "id"=>"5"}
  [1m[35mStudent Load (0.6ms)[0m  SELECT `students`.* FROM `students` WHERE `students`.`id` = 5 LIMIT 1
  [1m[36mSQL (0.6ms)[0m  [1mBEGIN[0m
  [1m[35mAREL (8.4ms)[0m  DELETE FROM `students` WHERE `students`.`id` = 5
  [1m[36mSQL (3.4ms)[0m  [1mCOMMIT[0m
Redirected to http://localhost:3000/students
Completed 302 Found in 343ms


Started GET "/students" for 127.0.0.1 at Sat Mar 19 01:40:58 +0530 2011
  Processing by StudentsController#index as HTML
  [1m[35mStudent Load (1.3ms)[0m  SELECT `students`.* FROM `students`
Rendered students/index.html.erb within layouts/application (113.3ms)
Completed 200 OK in 172ms (Views: 135.1ms | ActiveRecord: 14.4ms)


Started GET "/students/new" for 127.0.0.1 at Sat Mar 19 01:42:16 +0530 2011
  Processing by StudentsController#new as HTML
Rendered students/_form.html.erb (161.7ms)
Rendered students/new.html.erb within layouts/application (218.1ms)
Completed 200 OK in 302ms (Views: 256.2ms | ActiveRecord: 0.0ms)


Started GET "/students" for 127.0.0.1 at Sat Mar 19 12:56:05 +0530 2011
  Processing by StudentsController#index as HTML
  [1m[36mStudent Load (41.7ms)[0m  [1mSELECT `students`.* FROM `students`[0m
Rendered students/index.html.erb within layouts/application (126.3ms)
Completed 200 OK in 437ms (Views: 193.6ms | ActiveRecord: 41.7ms)


Started GET "/students/new" for 127.0.0.1 at Sat Mar 19 12:56:16 +0530 2011
  Processing by StudentsController#new as HTML
Rendered students/_form.html.erb (185.7ms)
Rendered students/new.html.erb within layouts/application (242.9ms)
Completed 200 OK in 329ms (Views: 287.9ms | ActiveRecord: 0.0ms)
